
assignconst.elf:     file format elf32-littlearm


Disassembly of section .text:

20000000 <i-0x14>:
@ Uppgift 2.3

	@c = 'A'
	LDR	R5,=c
20000000:	4d06      	ldr	r5, [pc, #24]	; (2000001c <c+0x2>)
	LDRB	R0,='A'
20000002:	2041      	movs	r0, #65	; 0x41
	STRB	R0, [R5]
20000004:	7028      	strb	r0, [r5, #0]

	@s = 1000
	LDR	R5,=s
20000006:	4d06      	ldr	r5, [pc, #24]	; (20000020 <c+0x6>)
	LDRH	R0,=1000
20000008:	4806      	ldr	r0, [pc, #24]	; (20000024 <c+0xa>)
	STRH	R0, [R5]
2000000a:	8028      	strh	r0, [r5, #0]

	@i = 100000
	LDR	R5,=i
2000000c:	4d06      	ldr	r5, [pc, #24]	; (20000028 <c+0xe>)
	LDR	R0,=100000
2000000e:	4807      	ldr	r0, [pc, #28]	; (2000002c <c+0x12>)
	STR	R0,[R5]
20000010:	6028      	str	r0, [r5, #0]
20000012:	46c0      	nop			; (mov r8, r8)

20000014 <i>:
20000014:	00000000 	.word	0x00000000

20000018 <s>:
	...

2000001a <c>:
2000001a:	0000      	.short	0x0000
2000001c:	2000001a 	.word	0x2000001a
20000020:	20000018 	.word	0x20000018
20000024:	000003e8 	.word	0x000003e8
20000028:	20000014 	.word	0x20000014
2000002c:	000186a0 	.word	0x000186a0