
mom3.elf:     file format elf32-littlearm


Disassembly of section .text:

20000000 <main>:


main:	
	LDR	R7,=i
20000000:	4f04      	ldr	r7, [pc, #16]	; (20000014 <s+0x4>)
	LDR	R6,=s
20000002:	4e05      	ldr	r6, [pc, #20]	; (20000018 <s+0x8>)
	LDR	R0,[R7]
20000004:	6838      	ldr	r0, [r7, #0]
	STRH	R0,[R6]
20000006:	8030      	strh	r0, [r6, #0]
	B	main
20000008:	e7fa      	b.n	20000000 <main>
2000000a:	46c0      	nop			; (mov r8, r8)

2000000c <i>:
2000000c:	00000000 	.word	0x00000000

20000010 <s>:
20000010:	00000000 	.word	0x00000000
20000014:	2000000c 	.word	0x2000000c
20000018:	20000010 	.word	0x20000010